<?xml version="1.0" encoding="UTF-8"?>
<!-- Generated by org.testng.reporters.JUnitReportReporter -->
<testsuite hostname="DESKTOP-M7DBTR9" failures="0" tests="1" name="testCases.TC001_AccountRegistrationTest" time="2.164" errors="0" timestamp="2025-07-15T09:19:57 IST" skipped="0">
  <testcase classname="testCases.TC001_AccountRegistrationTest" name="verify_account_registrationTest" time="2.164"/>
</testsuite> <!-- testCases.TC001_AccountRegistrationTest -->
