<?xml version="1.0" encoding="UTF-8"?>
<!-- Generated by org.testng.reporters.JUnitReportReporter -->
<testsuite hostname="DESKTOP-M7DBTR9" failures="0" tests="1" name="testCases.TC002_LoginTest" time="1.730" errors="0" timestamp="2025-07-18T06:01:03 IST" skipped="0">
  <testcase classname="testCases.TC002_LoginTest" name="verify_loginTest" time="1.730"/>
</testsuite> <!-- testCases.TC002_LoginTest -->
